<?xml version="1.0" encoding="UTF-8"?>
<!-- Generated by org.testng.reporters.JUnitReportReporter -->
<testsuite skipped="0" hostname="Lenovo-PC" name="testMethods.CommonPrograms" tests="2" failures="0" timestamp="16 Mar 2018 07:13:43 GMT" time="7.520" errors="0">
  <testcase name="f" time="7.515" classname="testMethods.CommonPrograms"/>
  <testcase name="testCase2" time="0.005" classname="testMethods.CommonPrograms"/>
</testsuite> <!-- testMethods.CommonPrograms -->
